Build started 2014-03-22 14:17:14.
     1>Project "C:\Users\Anthon\Desktop\Theme-Park-2014-master (1)\Theme-Park-2014-master\TP14\TP14.vcxproj" on node 2 (Build target(s)).
     1>ClCompile:
         C:\Program Files (x86)\Microsoft Visual Studio 12.0\VC\bin\CL.exe /c /I"../deps/SFML-2.1/include" /I../deps/Thor/include /I../deps/Aurora /I../deps/Box2D /ZI /nologo /W3 /WX- /sdl /Od /Oy- /D WIN32 /D _DEBUG /D _CONSOLE /D _LIB /D _UNICODE /D UNICODE /Gm /EHsc /RTC1 /MDd /GS /fp:precise /Zc:wchar_t /Zc:forScope /Fo"Debug\\" /Fd"Debug\vc120.pdb" /Gd /TP /analyze- /errorReport:prompt main.cpp
         main.cpp
     1>c:\users\anthon\desktop\theme-park-2014-master (1)\theme-park-2014-master\tp14\main.cpp(125): warning C4244: 'argument' : conversion from 'int' to 'float', possible loss of data
     1>c:\users\anthon\desktop\theme-park-2014-master (1)\theme-park-2014-master\tp14\main.cpp(131): warning C4305: '=' : truncation from 'double' to 'float32'
     1>c:\users\anthon\desktop\theme-park-2014-master (1)\theme-park-2014-master\tp14\main.cpp(142): warning C4305: '=' : truncation from 'double' to 'float32'
     1>c:\users\anthon\desktop\theme-park-2014-master (1)\theme-park-2014-master\tp14\main.cpp(174): warning C4244: 'argument' : conversion from 'int' to 'float', possible loss of data
     1>c:\users\anthon\desktop\theme-park-2014-master (1)\theme-park-2014-master\tp14\main.cpp(178): warning C4244: 'argument' : conversion from 'int' to 'float', possible loss of data
       Link:
         C:\Program Files (x86)\Microsoft Visual Studio 12.0\VC\bin\link.exe /ERRORREPORT:PROMPT /OUT:"C:\Users\Anthon\Desktop\Theme-Park-2014-master (1)\Theme-Park-2014-master\Debug\TP14.exe" /INCREMENTAL /NOLOGO /LIBPATH:../deps/Thor/lib /LIBPATH:"..\deps\SFML-2.1\lib\\" /LIBPATH:../deps/Box2D/lib/Debug "sfml-window-d.lib" "sfml-graphics-d.lib" "sfml-network-d.lib" "sfml-audio-d.lib" "sfml-system-d.lib" "thor-d.lib" "Box2D-d.lib" /MANIFEST /MANIFESTUAC:"level='asInvoker' uiAccess='false'" /manifest:embed /DEBUG /PDB:"C:\Users\Anthon\Desktop\Theme-Park-2014-master (1)\Theme-Park-2014-master\Debug\TP14.pdb" /SUBSYSTEM:CONSOLE /TLBID:1 /DYNAMICBASE /NXCOMPAT /IMPLIB:"C:\Users\Anthon\Desktop\Theme-Park-2014-master (1)\Theme-Park-2014-master\Debug\TP14.lib" /MACHINE:X86 Debug\linux_evdev.obj
         Debug\macosx_hidmanager.obj
         Debug\macosx_hidutilities.obj
         Debug\main.obj
         Debug\manymouse.obj
         Debug\windows_wminput.obj
         Debug\x11_xinput2.obj
         TP14.vcxproj -> C:\Users\Anthon\Desktop\Theme-Park-2014-master (1)\Theme-Park-2014-master\Debug\TP14.exe
     1>Done Building Project "C:\Users\Anthon\Desktop\Theme-Park-2014-master (1)\Theme-Park-2014-master\TP14\TP14.vcxproj" (Build target(s)).

Build succeeded.

Time Elapsed 00:00:01.59
