Build started 2014-03-22 19:52:15.
     1>Project "C:\git\TP2014\TP14\TP14.vcxproj" on node 2 (Rebuild target(s)).
     1>ClCompile:
         C:\Program Files (x86)\Microsoft Visual Studio 12.0\VC\bin\CL.exe /c /I"../deps/SFML-2.1/include" /I../deps/Thor/include /I../deps/Aurora /I../deps/Box2D /Zi /nologo /W3 /WX- /sdl /O2 /Oi /Oy- /GL /D WIN32 /D NDEBUG /D _CONSOLE /D _LIB /D _UNICODE /D UNICODE /Gm- /EHsc /MD /GS /Gy /fp:precise /Zc:wchar_t /Zc:forScope /Fo"Release\\" /Fd"Release\vc120.pdb" /Gd /TC /analyze- /errorReport:prompt linux_evdev.c macosx_hidmanager.c macosx_hidutilities.c manymouse.c windows_wminput.c x11_xinput2.c
         linux_evdev.c
         macosx_hidmanager.c
         macosx_hidutilities.c
         manymouse.c
         windows_wminput.c
         x11_xinput2.c
         C:\Program Files (x86)\Microsoft Visual Studio 12.0\VC\bin\CL.exe /c /I"../deps/SFML-2.1/include" /I../deps/Thor/include /I../deps/Aurora /I../deps/Box2D /Zi /nologo /W3 /WX- /sdl /O2 /Oi /Oy- /GL /D WIN32 /D NDEBUG /D _CONSOLE /D _LIB /D _UNICODE /D UNICODE /Gm- /EHsc /MD /GS /Gy /fp:precise /Zc:wchar_t /Zc:forScope /Fo"Release\\" /Fd"Release\vc120.pdb" /Gd /TP /analyze- /errorReport:prompt main.cpp
         main.cpp
       Link:
         C:\Program Files (x86)\Microsoft Visual Studio 12.0\VC\bin\link.exe /ERRORREPORT:PROMPT /OUT:"C:\git\TP2014\Release\TP14.exe" /INCREMENTAL:NO /NOLOGO /LIBPATH:../deps/Thor/lib /LIBPATH:"..\deps\SFML-2.1\lib\\" /LIBPATH:../deps/Box2D/lib/Release "sfml-window.lib" "sfml-graphics.lib" "sfml-network.lib" "sfml-audio.lib" "sfml-system.lib" thor.lib Box2D.lib /MANIFEST /MANIFESTUAC:"level='asInvoker' uiAccess='false'" /manifest:embed /DEBUG /PDB:"C:\git\TP2014\Release\TP14.pdb" /SUBSYSTEM:CONSOLE /OPT:REF /OPT:ICF /LTCG /TLBID:1 /DYNAMICBASE /NXCOMPAT /IMPLIB:"C:\git\TP2014\Release\TP14.lib" /MACHINE:X86 /SAFESEH Release\linux_evdev.obj
         Release\macosx_hidmanager.obj
         Release\macosx_hidutilities.obj
         Release\main.obj
         Release\manymouse.obj
         Release\windows_wminput.obj
         Release\x11_xinput2.obj
         Generating code
         Finished generating code
         TP14.vcxproj -> C:\git\TP2014\Release\TP14.exe
     1>Done Building Project "C:\git\TP2014\TP14\TP14.vcxproj" (Rebuild target(s)).

Build succeeded.

Time Elapsed 00:00:02.15
